Arguments: 
  E:\node\node.exe E:\yarn\bin\yarn.js

PATH: 
  E:\cmder\vendor\git-for-windows\mingw64\bin;E:\cmder\vendor\git-for-windows\usr\bin;C:\Users\25348\bin;C:\Program Files (x86)\Common Files\Intel\Shared Files\cpp\bin\Intel64;C:\Program Files (x86)\Common Files\Intel\Shared Libraries\redist\intel64\compiler;E:\Apache\apache-maven-3.6.0\bin;E:\ocle\bin;C:\Program Files (x86)\Common Files\Oracle\Java\javapath;C:\Program Files (x86)\Intel\iCLS Client;C:\Program Files\Intel\iCLS Client;C:\Windows\system32;C:\Windows;C:\Windows\System32\Wbem;C:\Windows\System32\WindowsPowerShell\v1.0;C:\Program Files (x86)\NVIDIA Corporation\PhysX\Common;C:\Program Files (x86)\Intel\Intel(R) Management Engine Components\DAL;C:\Program Files\Intel\Intel(R) Management Engine Components\DAL;C:\Program Files (x86)\Intel\Intel(R) Management Engine Components\IPT;C:\Program Files\Intel\Intel(R) Management Engine Components\IPT;C:\Program Files\Intel\WiFi\bin;C:\Program Files\Common Files\Intel\WirelessCommon;C:\WINDOWS\system32;C:\WINDOWS;C:\WINDOWS\System32\Wbem;C:\WINDOWS\System32\WindowsPowerShell\v1.0;C:\WINDOWS\System32\OpenSSH;E:\JAVA\jdk1.8.0_191\bin;E:\SVN\bin;E:\VSCode\bin;E:\node;E:\yarn\bin;C:\Users\25348\AppData\Local\Microsoft\WindowsApps;E:\Microsoft VS Code\bin;C:\Users\25348\AppData\Roaming\npm;E:\node;C:\Users\25348\AppData\Local\Yarn\bin

Yarn version: 
  1.22.5

Node version: 
  16.14.2

Platform: 
  win32 x64

Trace: 
  Error: EPERM: operation not permitted, unlink 'E:\jirengu\qingchai-UI\node_modules\esbuild\esbuild.exe'

npm manifest: 
  {
    "name": "qingchai-ui",
    "version": "0.0.0",
    "scripts": {
      "dev": "vite",
      "build": "vite build"
    },
    "resolutions": {
      "node-sass": "npm:sass@1.26.11"
    },
    "dependencies": {
      "github-markdown-css": "4.0.0",
      "marked": "1.1.1",
      "prismjs": "1.21.0",
      "vue": "3.2.19",
      "vue-router": "4.0.0-beta.3"
    },
    "devDependencies": {
      "@vue/compiler-sfc": "3.2.19",
      "rollup-plugin-esbuild": "2.5.0",
      "rollup-plugin-scss": "2.6.0",
      "rollup-plugin-terser": "7.0.2",
      "rollup-plugin-vue": "6.0.0-beta.10",
      "sass": "1.26.11",
      "vite": "1.0.0-rc.1"
    }
  }

yarn manifest: 
  No manifest

Lockfile: 
  No lockfile
